{
  "stats": {
    "suites": 1,
    "tests": 8,
    "passes": 8,
    "pending": 0,
    "failures": 0,
    "start": "2021-07-16T16:06:53.638Z",
    "end": "2021-07-16T16:06:53.655Z",
    "duration": 17,
    "testsRegistered": 8,
    "passPercent": 100,
    "pendingPercent": 0,
    "other": 0,
    "hasOther": false,
    "skipped": 0,
    "hasSkipped": false
  },
  "results": [
    {
      "uuid": "297b2424-f7cd-45d2-9c3b-211fa8929a0a",
      "title": "",
      "fullFile": "",
      "file": "",
      "beforeHooks": [],
      "afterHooks": [],
      "tests": [],
      "suites": [
        {
          "uuid": "75ea9507-99eb-46d8-a10b-6523c3377800",
          "title": "Task 2 - Variables and Data Types",
          "fullFile": "C:\\Users\\Aliaksandr_Posakhau\\OneDrive - EPAM\\Desktop\\DOCKERTASK\\github-repo\\RM-Dockertask\\tasks\\variables\\test\\variables.spec.js",
          "file": "\\tasks\\variables\\test\\variables.spec.js",
          "beforeHooks": [],
          "afterHooks": [],
          "tests": [
            {
              "title": "int variable should be created",
              "fullTitle": "Task 2 - Variables and Data Types int variable should be created",
              "timedOut": false,
              "duration": 1,
              "state": "passed",
              "speed": "fast",
              "pass": true,
              "fail": false,
              "pending": false,
              "context": null,
              "code": "expect(vars.int).to.equal(1);",
              "err": {},
              "uuid": "2830cf01-3247-47d2-aa96-fd730fd7a855",
              "parentUUID": "75ea9507-99eb-46d8-a10b-6523c3377800",
              "isHook": false,
              "skipped": false
            },
            {
              "title": "int2 variable should be created",
              "fullTitle": "Task 2 - Variables and Data Types int2 variable should be created",
              "timedOut": false,
              "duration": 0,
              "state": "passed",
              "speed": "fast",
              "pass": true,
              "fail": false,
              "pending": false,
              "context": null,
              "code": "expect(vars.int2).to.equal(2);",
              "err": {},
              "uuid": "d27eaab9-258c-4c59-86f3-a845c7f030f7",
              "parentUUID": "75ea9507-99eb-46d8-a10b-6523c3377800",
              "isHook": false,
              "skipped": false
            },
            {
              "title": "str variable should be created",
              "fullTitle": "Task 2 - Variables and Data Types str variable should be created",
              "timedOut": false,
              "duration": 0,
              "state": "passed",
              "speed": "fast",
              "pass": true,
              "fail": false,
              "pending": false,
              "context": null,
              "code": "expect(vars.str).to.equal('John');",
              "err": {},
              "uuid": "7138e183-a545-47bf-a1a4-22b1a2c378dc",
              "parentUUID": "75ea9507-99eb-46d8-a10b-6523c3377800",
              "isHook": false,
              "skipped": false
            },
            {
              "title": "str2 variable should be created",
              "fullTitle": "Task 2 - Variables and Data Types str2 variable should be created",
              "timedOut": false,
              "duration": 1,
              "state": "passed",
              "speed": "fast",
              "pass": true,
              "fail": false,
              "pending": false,
              "context": null,
              "code": "expect(vars.str2).to.equal('John Dou');",
              "err": {},
              "uuid": "88783085-9c8e-494c-9c48-7ee126ab3035",
              "parentUUID": "75ea9507-99eb-46d8-a10b-6523c3377800",
              "isHook": false,
              "skipped": false
            },
            {
              "title": "bool variable should be created",
              "fullTitle": "Task 2 - Variables and Data Types bool variable should be created",
              "timedOut": false,
              "duration": 0,
              "state": "passed",
              "speed": "fast",
              "pass": true,
              "fail": false,
              "pending": false,
              "context": null,
              "code": "expect(vars.bool).to.equal(false);",
              "err": {},
              "uuid": "f2cb649f-1ca2-4c5d-9489-d4cd5cd2be6a",
              "parentUUID": "75ea9507-99eb-46d8-a10b-6523c3377800",
              "isHook": false,
              "skipped": false
            },
            {
              "title": "arr variable should be created",
              "fullTitle": "Task 2 - Variables and Data Types arr variable should be created",
              "timedOut": false,
              "duration": 0,
              "state": "passed",
              "speed": "fast",
              "pass": true,
              "fail": false,
              "pending": false,
              "context": null,
              "code": "const expected = [1,2,3,4,5];\nexpect(Array.isArray(vars.arr)).to.equal(true);\nvars.arr.forEach(el => {\n  expect(expected.includes(el), 'arr variable is not equal to [1,2,3,4,5]').to.equal(true);\n});",
              "err": {},
              "uuid": "8d76da3c-60a6-44ac-9882-656b4f671196",
              "parentUUID": "75ea9507-99eb-46d8-a10b-6523c3377800",
              "isHook": false,
              "skipped": false
            },
            {
              "title": "fifth variable should be created",
              "fullTitle": "Task 2 - Variables and Data Types fifth variable should be created",
              "timedOut": false,
              "duration": 0,
              "state": "passed",
              "speed": "fast",
              "pass": true,
              "fail": false,
              "pending": false,
              "context": null,
              "code": "expect(vars.arr[4]).to.equal(vars.fifth);",
              "err": {},
              "uuid": "42a9d2cf-6d15-4b9c-b469-23a6d99b8349",
              "parentUUID": "75ea9507-99eb-46d8-a10b-6523c3377800",
              "isHook": false,
              "skipped": false
            },
            {
              "title": "human variable should be created",
              "fullTitle": "Task 2 - Variables and Data Types human variable should be created",
              "timedOut": false,
              "duration": 1,
              "state": "passed",
              "speed": "fast",
              "pass": true,
              "fail": false,
              "pending": false,
              "context": null,
              "code": "expect(typeof vars.human).to.equal('object');\nexpect(vars.human.firstName).to.equal('John');\nexpect(vars.human.lastName).to.equal('Dou');\nexpect(vars.human.fullName).to.equal('John Dou');",
              "err": {},
              "uuid": "7ef040be-4ea6-461a-bfdd-effa8a2c58de",
              "parentUUID": "75ea9507-99eb-46d8-a10b-6523c3377800",
              "isHook": false,
              "skipped": false
            }
          ],
          "suites": [],
          "passes": [
            "2830cf01-3247-47d2-aa96-fd730fd7a855",
            "d27eaab9-258c-4c59-86f3-a845c7f030f7",
            "7138e183-a545-47bf-a1a4-22b1a2c378dc",
            "88783085-9c8e-494c-9c48-7ee126ab3035",
            "f2cb649f-1ca2-4c5d-9489-d4cd5cd2be6a",
            "8d76da3c-60a6-44ac-9882-656b4f671196",
            "42a9d2cf-6d15-4b9c-b469-23a6d99b8349",
            "7ef040be-4ea6-461a-bfdd-effa8a2c58de"
          ],
          "failures": [],
          "pending": [],
          "skipped": [],
          "duration": 3,
          "root": false,
          "rootEmpty": false,
          "_timeout": 2000
        }
      ],
      "passes": [],
      "failures": [],
      "pending": [],
      "skipped": [],
      "duration": 0,
      "root": true,
      "rootEmpty": true,
      "_timeout": 2000
    }
  ],
  "meta": {
    "mocha": {
      "version": "7.2.0"
    },
    "mochawesome": {
      "options": {
        "quiet": false,
        "reportFilename": "mochawesome",
        "saveHtml": true,
        "saveJson": true,
        "consoleReporter": "spec",
        "useInlineDiffs": false,
        "code": true
      },
      "version": "6.2.2"
    },
    "marge": {
      "options": {
        "overwrite": "false",
        "reportTitle": "My Custom Title",
        "showPassed": "false"
      },
      "version": "5.2.0"
    }
  }
}