{
  "stats": {
    "suites": 3,
    "tests": 5,
    "passes": 5,
    "pending": 0,
    "failures": 0,
    "start": "2021-07-15T12:46:06.633Z",
    "end": "2021-07-15T12:46:06.648Z",
    "duration": 15,
    "testsRegistered": 5,
    "passPercent": 100,
    "pendingPercent": 0,
    "other": 0,
    "hasOther": false,
    "skipped": 0,
    "hasSkipped": false
  },
  "results": [
    {
      "uuid": "584652dc-7d93-49de-a7d6-41886c148489",
      "title": "",
      "fullFile": "",
      "file": "",
      "beforeHooks": [],
      "afterHooks": [],
      "tests": [],
      "suites": [
        {
          "uuid": "cd9c6220-8f39-41d7-98d5-a264a03284bc",
          "title": "Task1",
          "fullFile": "C:\\Users\\Aliaksandr_Posakhau\\OneDrive - EPAM\\Desktop\\DOCKERTASK\\github-repo\\RM-Dockertask\\tasks\\cycles\\test\\cycles.spec.js",
          "file": "\\tasks\\cycles\\test\\cycles.spec.js",
          "beforeHooks": [],
          "afterHooks": [],
          "tests": [
            {
              "title": "forFactorial",
              "fullTitle": "Task1 forFactorial",
              "timedOut": false,
              "duration": 1,
              "state": "passed",
              "speed": "fast",
              "pass": true,
              "fail": false,
              "pending": false,
              "context": null,
              "code": "expect(forFactorial).to.equal(3628800);",
              "err": {},
              "uuid": "b4ca4700-cd72-486c-ad47-047ef9d1711a",
              "parentUUID": "cd9c6220-8f39-41d7-98d5-a264a03284bc",
              "isHook": false,
              "skipped": false
            },
            {
              "title": "whileFactorial",
              "fullTitle": "Task1 whileFactorial",
              "timedOut": false,
              "duration": 0,
              "state": "passed",
              "speed": "fast",
              "pass": true,
              "fail": false,
              "pending": false,
              "context": null,
              "code": "expect(whileFactorial).to.equal(3628800);",
              "err": {},
              "uuid": "0e49e5d9-301c-40d9-bc98-dedf0494f41d",
              "parentUUID": "cd9c6220-8f39-41d7-98d5-a264a03284bc",
              "isHook": false,
              "skipped": false
            },
            {
              "title": "doFactorial",
              "fullTitle": "Task1 doFactorial",
              "timedOut": false,
              "duration": 0,
              "state": "passed",
              "speed": "fast",
              "pass": true,
              "fail": false,
              "pending": false,
              "context": null,
              "code": "expect(doFactorial).to.equal(3628800);",
              "err": {},
              "uuid": "7357c7ae-bb38-4c1c-bb66-bba85abbb841",
              "parentUUID": "cd9c6220-8f39-41d7-98d5-a264a03284bc",
              "isHook": false,
              "skipped": false
            }
          ],
          "suites": [],
          "passes": [
            "b4ca4700-cd72-486c-ad47-047ef9d1711a",
            "0e49e5d9-301c-40d9-bc98-dedf0494f41d",
            "7357c7ae-bb38-4c1c-bb66-bba85abbb841"
          ],
          "failures": [],
          "pending": [],
          "skipped": [],
          "duration": 1,
          "root": false,
          "rootEmpty": false,
          "_timeout": 2000
        },
        {
          "uuid": "4862b7e6-0b51-4c0b-8d71-24d9fe20b4f0",
          "title": "Task2",
          "fullFile": "C:\\Users\\Aliaksandr_Posakhau\\OneDrive - EPAM\\Desktop\\DOCKERTASK\\github-repo\\RM-Dockertask\\tasks\\cycles\\test\\cycles.spec.js",
          "file": "\\tasks\\cycles\\test\\cycles.spec.js",
          "beforeHooks": [],
          "afterHooks": [],
          "tests": [
            {
              "title": "str",
              "fullTitle": "Task2 str",
              "timedOut": false,
              "duration": 0,
              "state": "passed",
              "speed": "fast",
              "pass": true,
              "fail": false,
              "pending": false,
              "context": null,
              "code": "expect(str).to.equal('I love JS');",
              "err": {},
              "uuid": "dcb6ce30-0522-4016-bb63-5bd2c124512c",
              "parentUUID": "4862b7e6-0b51-4c0b-8d71-24d9fe20b4f0",
              "isHook": false,
              "skipped": false
            }
          ],
          "suites": [],
          "passes": [
            "dcb6ce30-0522-4016-bb63-5bd2c124512c"
          ],
          "failures": [],
          "pending": [],
          "skipped": [],
          "duration": 0,
          "root": false,
          "rootEmpty": false,
          "_timeout": 2000
        },
        {
          "uuid": "94a6668a-fcfc-401b-8a5d-fff03a6d1afc",
          "title": "Task3",
          "fullFile": "C:\\Users\\Aliaksandr_Posakhau\\OneDrive - EPAM\\Desktop\\DOCKERTASK\\github-repo\\RM-Dockertask\\tasks\\cycles\\test\\cycles.spec.js",
          "file": "\\tasks\\cycles\\test\\cycles.spec.js",
          "beforeHooks": [],
          "afterHooks": [],
          "tests": [
            {
              "title": "str",
              "fullTitle": "Task3 str",
              "timedOut": false,
              "duration": 1,
              "state": "passed",
              "speed": "fast",
              "pass": true,
              "fail": false,
              "pending": false,
              "context": null,
              "code": "expect(totalIncome).to.equal(1335);",
              "err": {},
              "uuid": "d6d7a103-d0a7-45a4-8a83-9e0640b57e68",
              "parentUUID": "94a6668a-fcfc-401b-8a5d-fff03a6d1afc",
              "isHook": false,
              "skipped": false
            }
          ],
          "suites": [],
          "passes": [
            "d6d7a103-d0a7-45a4-8a83-9e0640b57e68"
          ],
          "failures": [],
          "pending": [],
          "skipped": [],
          "duration": 1,
          "root": false,
          "rootEmpty": false,
          "_timeout": 2000
        }
      ],
      "passes": [],
      "failures": [],
      "pending": [],
      "skipped": [],
      "duration": 0,
      "root": true,
      "rootEmpty": true,
      "_timeout": 2000
    }
  ],
  "meta": {
    "mocha": {
      "version": "7.2.0"
    },
    "mochawesome": {
      "options": {
        "quiet": false,
        "reportFilename": "mochawesome",
        "saveHtml": true,
        "saveJson": true,
        "consoleReporter": "spec",
        "useInlineDiffs": false,
        "code": true
      },
      "version": "6.2.2"
    },
    "marge": {
      "options": null,
      "version": "5.2.0"
    }
  }
}