{
  "stats": {
    "suites": 3,
    "tests": 5,
    "passes": 5,
    "pending": 0,
    "failures": 0,
    "start": "2021-07-16T16:06:51.709Z",
    "end": "2021-07-16T16:06:51.721Z",
    "duration": 12,
    "testsRegistered": 5,
    "passPercent": 100,
    "pendingPercent": 0,
    "other": 0,
    "hasOther": false,
    "skipped": 0,
    "hasSkipped": false
  },
  "results": [
    {
      "uuid": "2b0b21f0-3f36-40f0-838e-1083b30fa42d",
      "title": "",
      "fullFile": "",
      "file": "",
      "beforeHooks": [],
      "afterHooks": [],
      "tests": [],
      "suites": [
        {
          "uuid": "193c34b2-84d9-4c3e-846e-d0bff755b8a0",
          "title": "Task1",
          "fullFile": "C:\\Users\\Aliaksandr_Posakhau\\OneDrive - EPAM\\Desktop\\DOCKERTASK\\github-repo\\RM-Dockertask\\tasks\\cycles\\test\\cycles.spec.js",
          "file": "\\tasks\\cycles\\test\\cycles.spec.js",
          "beforeHooks": [],
          "afterHooks": [],
          "tests": [
            {
              "title": "forFactorial",
              "fullTitle": "Task1 forFactorial",
              "timedOut": false,
              "duration": 1,
              "state": "passed",
              "speed": "fast",
              "pass": true,
              "fail": false,
              "pending": false,
              "context": null,
              "code": "expect(forFactorial).to.equal(3628800);",
              "err": {},
              "uuid": "3a9a8de0-efb4-4847-b8e7-991308a5a52e",
              "parentUUID": "193c34b2-84d9-4c3e-846e-d0bff755b8a0",
              "isHook": false,
              "skipped": false
            },
            {
              "title": "whileFactorial",
              "fullTitle": "Task1 whileFactorial",
              "timedOut": false,
              "duration": 0,
              "state": "passed",
              "speed": "fast",
              "pass": true,
              "fail": false,
              "pending": false,
              "context": null,
              "code": "expect(whileFactorial).to.equal(3628800);",
              "err": {},
              "uuid": "f1c3b659-37d3-4496-995f-04026cd896ec",
              "parentUUID": "193c34b2-84d9-4c3e-846e-d0bff755b8a0",
              "isHook": false,
              "skipped": false
            },
            {
              "title": "doFactorial",
              "fullTitle": "Task1 doFactorial",
              "timedOut": false,
              "duration": 0,
              "state": "passed",
              "speed": "fast",
              "pass": true,
              "fail": false,
              "pending": false,
              "context": null,
              "code": "expect(doFactorial).to.equal(3628800);",
              "err": {},
              "uuid": "3fb8a5ab-328d-4f25-b352-c9406ff01def",
              "parentUUID": "193c34b2-84d9-4c3e-846e-d0bff755b8a0",
              "isHook": false,
              "skipped": false
            }
          ],
          "suites": [],
          "passes": [
            "3a9a8de0-efb4-4847-b8e7-991308a5a52e",
            "f1c3b659-37d3-4496-995f-04026cd896ec",
            "3fb8a5ab-328d-4f25-b352-c9406ff01def"
          ],
          "failures": [],
          "pending": [],
          "skipped": [],
          "duration": 1,
          "root": false,
          "rootEmpty": false,
          "_timeout": 2000
        },
        {
          "uuid": "ef08684d-39f1-4821-b8ec-67c235e51b1a",
          "title": "Task2",
          "fullFile": "C:\\Users\\Aliaksandr_Posakhau\\OneDrive - EPAM\\Desktop\\DOCKERTASK\\github-repo\\RM-Dockertask\\tasks\\cycles\\test\\cycles.spec.js",
          "file": "\\tasks\\cycles\\test\\cycles.spec.js",
          "beforeHooks": [],
          "afterHooks": [],
          "tests": [
            {
              "title": "str",
              "fullTitle": "Task2 str",
              "timedOut": false,
              "duration": 0,
              "state": "passed",
              "speed": "fast",
              "pass": true,
              "fail": false,
              "pending": false,
              "context": null,
              "code": "expect(str).to.equal('I love JS');",
              "err": {},
              "uuid": "80d84833-bc08-4757-91d7-0109a1a312c5",
              "parentUUID": "ef08684d-39f1-4821-b8ec-67c235e51b1a",
              "isHook": false,
              "skipped": false
            }
          ],
          "suites": [],
          "passes": [
            "80d84833-bc08-4757-91d7-0109a1a312c5"
          ],
          "failures": [],
          "pending": [],
          "skipped": [],
          "duration": 0,
          "root": false,
          "rootEmpty": false,
          "_timeout": 2000
        },
        {
          "uuid": "8605cfdb-c719-4fd7-ad42-83788a277a85",
          "title": "Task3",
          "fullFile": "C:\\Users\\Aliaksandr_Posakhau\\OneDrive - EPAM\\Desktop\\DOCKERTASK\\github-repo\\RM-Dockertask\\tasks\\cycles\\test\\cycles.spec.js",
          "file": "\\tasks\\cycles\\test\\cycles.spec.js",
          "beforeHooks": [],
          "afterHooks": [],
          "tests": [
            {
              "title": "str",
              "fullTitle": "Task3 str",
              "timedOut": false,
              "duration": 0,
              "state": "passed",
              "speed": "fast",
              "pass": true,
              "fail": false,
              "pending": false,
              "context": null,
              "code": "expect(totalIncome).to.equal(1335);",
              "err": {},
              "uuid": "d22f11b4-f7f3-4ff6-96aa-1c640303608e",
              "parentUUID": "8605cfdb-c719-4fd7-ad42-83788a277a85",
              "isHook": false,
              "skipped": false
            }
          ],
          "suites": [],
          "passes": [
            "d22f11b4-f7f3-4ff6-96aa-1c640303608e"
          ],
          "failures": [],
          "pending": [],
          "skipped": [],
          "duration": 0,
          "root": false,
          "rootEmpty": false,
          "_timeout": 2000
        }
      ],
      "passes": [],
      "failures": [],
      "pending": [],
      "skipped": [],
      "duration": 0,
      "root": true,
      "rootEmpty": true,
      "_timeout": 2000
    }
  ],
  "meta": {
    "mocha": {
      "version": "7.2.0"
    },
    "mochawesome": {
      "options": {
        "quiet": false,
        "reportFilename": "mochawesome",
        "saveHtml": true,
        "saveJson": true,
        "consoleReporter": "spec",
        "useInlineDiffs": false,
        "code": true
      },
      "version": "6.2.2"
    },
    "marge": {
      "options": {
        "overwrite": "false",
        "reportTitle": "My Custom Title",
        "showPassed": "false"
      },
      "version": "5.2.0"
    }
  }
}